<?xml version="1.0" encoding="UTF-8"?>
<testsuite xmlns:xsi="http://www.w3.org/2001/XMLSchema-instance" xsi:noNamespaceSchemaLocation="https://maven.apache.org/surefire/maven-surefire-plugin/xsd/surefire-test-report-3.0.xsd" version="3.0" name="com.cam.flooringprogram.dao.ProductCostDaoImplTest" time="0.279" tests="4" errors="0" skipped="0" failures="0">
  <properties>
[...]
</properties>
  <testcase name="testAddGetProduct" classname="com.cam.flooringprogram.dao.ProductCostDaoImplTest" time="0.064"/>
  <testcase name="testRemoveProduct" classname="com.cam.flooringprogram.dao.ProductCostDaoImplTest" time="0.113"/>
  <testcase name="testEditProduct" classname="com.cam.flooringprogram.dao.ProductCostDaoImplTest" time="0.042"/>
  <testcase name="testGetAllProducts" classname="com.cam.flooringprogram.dao.ProductCostDaoImplTest" time="0.055"/>
</testsuite>